  draw(2).c
D:\school\Computer_Graphic_HW\hw1\hw1\draw(2).c(32,1): warning C4005: 'TEXT': 巨集重複定義
C:\Program Files (x86)\Windows Kits\10\Include\10.0.19041.0\um\winnt.h(611): message : 請參閱 'TEXT' 之前的定義
D:\school\Computer_Graphic_HW\hw1\hw1\draw(2).c(72,49): warning C4305: '函式': 從 'double' 轉換為 'GLfloat'，是由較大的類型轉換為較小的類型，可能導致資料遺失
D:\school\Computer_Graphic_HW\hw1\hw1\draw(2).c(72,61): warning C4305: '函式': 從 'double' 轉換為 'GLfloat'，是由較大的類型轉換為較小的類型，可能導致資料遺失
D:\school\Computer_Graphic_HW\hw1\hw1\draw(2).c(73,49): warning C4305: '函式': 從 'double' 轉換為 'GLfloat'，是由較大的類型轉換為較小的類型，可能導致資料遺失
D:\school\Computer_Graphic_HW\hw1\hw1\draw(2).c(73,62): warning C4305: '函式': 從 'double' 轉換為 'GLfloat'，是由較大的類型轉換為較小的類型，可能導致資料遺失
D:\school\Computer_Graphic_HW\hw1\hw1\draw(2).c(75,41): warning C4305: '函式': 從 'double' 轉換為 'GLfloat'，是由較大的類型轉換為較小的類型，可能導致資料遺失
D:\school\Computer_Graphic_HW\hw1\hw1\draw(2).c(76,42): warning C4305: '函式': 從 'double' 轉換為 'GLfloat'，是由較大的類型轉換為較小的類型，可能導致資料遺失
D:\school\Computer_Graphic_HW\hw1\hw1\draw(2).c(76,54): warning C4305: '函式': 從 'double' 轉換為 'GLfloat'，是由較大的類型轉換為較小的類型，可能導致資料遺失
D:\school\Computer_Graphic_HW\hw1\hw1\draw(2).c(77,44): warning C4305: '函式': 從 'double' 轉換為 'GLfloat'，是由較大的類型轉換為較小的類型，可能導致資料遺失
D:\school\Computer_Graphic_HW\hw1\hw1\draw(2).c(77,56): warning C4305: '函式': 從 'double' 轉換為 'GLfloat'，是由較大的類型轉換為較小的類型，可能導致資料遺失
D:\school\Computer_Graphic_HW\hw1\hw1\draw(2).c(172,31): warning C4305: '函式': 從 'double' 轉換為 'GLfloat'，是由較大的類型轉換為較小的類型，可能導致資料遺失
D:\school\Computer_Graphic_HW\hw1\hw1\draw(2).c(172,44): warning C4305: '函式': 從 'double' 轉換為 'GLfloat'，是由較大的類型轉換為較小的類型，可能導致資料遺失
D:\school\Computer_Graphic_HW\hw1\hw1\draw(2).c(189,31): warning C4305: '函式': 從 'double' 轉換為 'GLfloat'，是由較大的類型轉換為較小的類型，可能導致資料遺失
D:\school\Computer_Graphic_HW\hw1\hw1\draw(2).c(189,44): warning C4305: '函式': 從 'double' 轉換為 'GLfloat'，是由較大的類型轉換為較小的類型，可能導致資料遺失
D:\school\Computer_Graphic_HW\hw1\hw1\draw(2).c(206,31): warning C4305: '函式': 從 'double' 轉換為 'GLfloat'，是由較大的類型轉換為較小的類型，可能導致資料遺失
D:\school\Computer_Graphic_HW\hw1\hw1\draw(2).c(206,44): warning C4305: '函式': 從 'double' 轉換為 'GLfloat'，是由較大的類型轉換為較小的類型，可能導致資料遺失
D:\school\Computer_Graphic_HW\hw1\hw1\draw(2).c(223,31): warning C4305: '函式': 從 'double' 轉換為 'GLfloat'，是由較大的類型轉換為較小的類型，可能導致資料遺失
D:\school\Computer_Graphic_HW\hw1\hw1\draw(2).c(223,44): warning C4305: '函式': 從 'double' 轉換為 'GLfloat'，是由較大的類型轉換為較小的類型，可能導致資料遺失
D:\school\Computer_Graphic_HW\hw1\hw1\draw(2).c(240,31): warning C4305: '函式': 從 'double' 轉換為 'GLfloat'，是由較大的類型轉換為較小的類型，可能導致資料遺失
D:\school\Computer_Graphic_HW\hw1\hw1\draw(2).c(240,44): warning C4305: '函式': 從 'double' 轉換為 'GLfloat'，是由較大的類型轉換為較小的類型，可能導致資料遺失
D:\school\Computer_Graphic_HW\hw1\hw1\draw(2).c(257,31): warning C4305: '函式': 從 'double' 轉換為 'GLfloat'，是由較大的類型轉換為較小的類型，可能導致資料遺失
D:\school\Computer_Graphic_HW\hw1\hw1\draw(2).c(257,44): warning C4305: '函式': 從 'double' 轉換為 'GLfloat'，是由較大的類型轉換為較小的類型，可能導致資料遺失
D:\school\Computer_Graphic_HW\hw1\hw1\draw(2).c(274,31): warning C4305: '函式': 從 'double' 轉換為 'GLfloat'，是由較大的類型轉換為較小的類型，可能導致資料遺失
D:\school\Computer_Graphic_HW\hw1\hw1\draw(2).c(274,44): warning C4305: '函式': 從 'double' 轉換為 'GLfloat'，是由較大的類型轉換為較小的類型，可能導致資料遺失
D:\school\Computer_Graphic_HW\hw1\hw1\draw(2).c(291,31): warning C4305: '函式': 從 'double' 轉換為 'GLfloat'，是由較大的類型轉換為較小的類型，可能導致資料遺失
D:\school\Computer_Graphic_HW\hw1\hw1\draw(2).c(291,44): warning C4305: '函式': 從 'double' 轉換為 'GLfloat'，是由較大的類型轉換為較小的類型，可能導致資料遺失
D:\school\Computer_Graphic_HW\hw1\hw1\draw(2).c(308,31): warning C4305: '函式': 從 'double' 轉換為 'GLfloat'，是由較大的類型轉換為較小的類型，可能導致資料遺失
D:\school\Computer_Graphic_HW\hw1\hw1\draw(2).c(308,44): warning C4305: '函式': 從 'double' 轉換為 'GLfloat'，是由較大的類型轉換為較小的類型，可能導致資料遺失
D:\school\Computer_Graphic_HW\hw1\hw1\draw(2).c(327,31): warning C4305: '函式': 從 'double' 轉換為 'GLfloat'，是由較大的類型轉換為較小的類型，可能導致資料遺失
D:\school\Computer_Graphic_HW\hw1\hw1\draw(2).c(327,44): warning C4305: '函式': 從 'double' 轉換為 'GLfloat'，是由較大的類型轉換為較小的類型，可能導致資料遺失
D:\school\Computer_Graphic_HW\hw1\hw1\draw(2).c(336,29): warning C4305: '函式': 從 'double' 轉換為 'GLfloat'，是由較大的類型轉換為較小的類型，可能導致資料遺失
D:\school\Computer_Graphic_HW\hw1\hw1\draw(2).c(336,40): warning C4305: '函式': 從 'double' 轉換為 'GLfloat'，是由較大的類型轉換為較小的類型，可能導致資料遺失
D:\school\Computer_Graphic_HW\hw1\hw1\draw(2).c(416,27): warning C4244: '函式': 將 'int' 轉換為 'GLfloat'，由於類型不同，可能導致資料遺失
D:\school\Computer_Graphic_HW\hw1\hw1\draw(2).c(416,38): warning C4244: '函式': 將 'int' 轉換為 'GLfloat'，由於類型不同，可能導致資料遺失
D:\school\Computer_Graphic_HW\hw1\hw1\draw(2).c(434,16): warning C4244: '函式': 將 'int' 轉換為 'GLfloat'，由於類型不同，可能導致資料遺失
D:\school\Computer_Graphic_HW\hw1\hw1\draw(2).c(434,29): warning C4244: '函式': 將 'int' 轉換為 'GLfloat'，由於類型不同，可能導致資料遺失
D:\school\Computer_Graphic_HW\hw1\hw1\draw(2).c(536,18): warning C4244: '函式': 將 'int' 轉換為 'GLfloat'，由於類型不同，可能導致資料遺失
D:\school\Computer_Graphic_HW\hw1\hw1\draw(2).c(536,28): warning C4244: '函式': 將 'int' 轉換為 'GLfloat'，由於類型不同，可能導致資料遺失
D:\school\Computer_Graphic_HW\hw1\hw1\draw(2).c(545,22): warning C4244: '函式': 將 'int' 轉換為 'GLfloat'，由於類型不同，可能導致資料遺失
D:\school\Computer_Graphic_HW\hw1\hw1\draw(2).c(545,32): warning C4244: '函式': 將 'int' 轉換為 'GLfloat'，由於類型不同，可能導致資料遺失
D:\school\Computer_Graphic_HW\hw1\hw1\draw(2).c(552,22): warning C4244: '函式': 將 'int' 轉換為 'GLfloat'，由於類型不同，可能導致資料遺失
D:\school\Computer_Graphic_HW\hw1\hw1\draw(2).c(552,36): warning C4244: '函式': 將 'int' 轉換為 'GLfloat'，由於類型不同，可能導致資料遺失
D:\school\Computer_Graphic_HW\hw1\hw1\draw(2).c(553,22): warning C4244: '函式': 將 'int' 轉換為 'GLfloat'，由於類型不同，可能導致資料遺失
D:\school\Computer_Graphic_HW\hw1\hw1\draw(2).c(553,32): warning C4244: '函式': 將 'int' 轉換為 'GLfloat'，由於類型不同，可能導致資料遺失
D:\school\Computer_Graphic_HW\hw1\hw1\draw(2).c(567,42): warning C4244: '函式': 將 'int' 轉換為 'GLfloat'，由於類型不同，可能導致資料遺失
D:\school\Computer_Graphic_HW\hw1\hw1\draw(2).c(567,54): warning C4244: '函式': 將 'int' 轉換為 'GLfloat'，由於類型不同，可能導致資料遺失
D:\school\Computer_Graphic_HW\hw1\hw1\draw(2).c(568,26): warning C4244: '函式': 將 'int' 轉換為 'GLfloat'，由於類型不同，可能導致資料遺失
D:\school\Computer_Graphic_HW\hw1\hw1\draw(2).c(568,36): warning C4244: '函式': 將 'int' 轉換為 'GLfloat'，由於類型不同，可能導致資料遺失
D:\school\Computer_Graphic_HW\hw1\hw1\draw(2).c(607,18): warning C4244: '函式': 將 'int' 轉換為 'GLfloat'，由於類型不同，可能導致資料遺失
D:\school\Computer_Graphic_HW\hw1\hw1\draw(2).c(607,31): warning C4244: '函式': 將 'int' 轉換為 'GLfloat'，由於類型不同，可能導致資料遺失
D:\school\Computer_Graphic_HW\hw1\hw1\draw(2).c(608,18): warning C4244: '函式': 將 'int' 轉換為 'GLfloat'，由於類型不同，可能導致資料遺失
D:\school\Computer_Graphic_HW\hw1\hw1\draw(2).c(608,28): warning C4244: '函式': 將 'int' 轉換為 'GLfloat'，由於類型不同，可能導致資料遺失
D:\school\Computer_Graphic_HW\hw1\hw1\draw(2).c(689,41): warning C4244: '=': 將 'double' 轉換為 'float'，由於類型不同，可能導致資料遺失
  hw1.vcxproj -> D:\school\Computer_Graphic_HW\hw1\x64\Debug\hw1.exe
